Command line:
"travis -p traj.lmp"


  ________                                 __
 /        |                               /  |
 ########/ ______    ______    __     __  ##/    _______
    ## |  /      \  /      \  /  \   /  | /  |  /       |
    ## | /######  | ######  | ##  \ /##/  ## | /#######/
    ## | ## |  ##/  /    ## |  ##  /##/   ## | ##      \
    ## | ## |      /####### |   ## ##/    ## |  ######  |
    ## | ## |      ##    ## |    ###/     ## | /     ##/
    ##/  ##/        #######/      #/      ##/  #######/

    TRajectory Analyzer and VISualizer  -  Open-source freeware under GNU GPL v3

    Copyright (c) Martin Brehm      (2009-2020), University of Halle (Saale)
                  Martin Thomas     (2012-2020)
                  Sascha Gehrke     (2016-2020), University of Bonn
                  Barbara Kirchner  (2009-2020), University of Bonn

    http://www.travis-analyzer.de

    Please cite: J. Chem. Phys. 2020, 152 (16), 164105.         (DOI 10.1063/5.0005078 )
                 J. Chem. Inf. Model. 2011, 51 (8), 2007-2023.  (DOI 10.1021/ci200217w )

    There is absolutely no warranty on any results obtained from TRAVIS.

 #  Running on MU00151959X at Fri Feb 12 12:33:24 2021 (PID 22823)
 #  Running in /Users/tmas0023/Documents/repos/hydrated_ils/pol-il-drudes/nemd-nvt/ch-dhp-water/nh-eq-md
 #  Version: May 4 2020 (may the force (-: ) HF2, built at Aug  6 2020, 18:09:00, compiler "4.2.1 Compatible Apple LLVM 10.0.1 (clang-1001.0.46.4)", LLVM, CLANG 10.0.1, GCC 4.2.1
 #  Target platform: Linux,  Compile flags: DEBUG_ARRAYS 
 #  Machine: int=4b, long=8b, addr=8b, 0xA0B0C0D0=D0,C0,B0,A0.
 #  Home: /Users/tmas0023,  Executable: /Users/tmas0023/.local/scripts/chem/lammps/travis
 #  Input from terminal,  Output to terminal

    >>> Please use a color scheme with dark background or specify "-nocolor"! <<<

    Loading configuration from /Users/tmas0023/.travis.conf ...
      TRAVIS version has changed. You should write a new configuration file (specify "-writeconf").

    Opening position trajectory traj.lmp ...

    Trajectory contains approximately 142 frames (just a *guess* from the file size of 3.38 MiB).

    No element data found for atom "M".

    960 atoms in the system: 100x C, 520x H, 100x M, 20x N, 200x O, 20x P

    System extent:  X = {   +149 ..  +2351 pm }, dX = 2203 pm
      (in step 1)   Y = {   +146 ..  +2356 pm }, dY = 2210 pm
                    Z = {   +147 ..  +2359 pm }, dZ = 2212 pm

*** Important note:  Trajectory file is in LAMMPS format.

    TRAVIS requires that the atom ordering (sorting) is identical in each time step of the trajectory.
    However, LAMMPS' defaults may order the atoms randomly in each step when dumping a trajectory.
    To read a LAMMPS trajectory in TRAVIS, you *need* to make sure the atom ordering stays constant.
    This can be achieved by specifying "dump modify ... sort id" to your trajectory dump command.

    I have acknowledged this note (y/n). [yes] 

    Unrecognized atom types: M

    Do you want to assign atom data to them (y/n)? [yes] 
    Automatically rename all atoms to corresponding elements (recommended) (y/n)? [yes] 

*** SIGINT caught: Hard interrupt by user ***
Stopping execution.
Decoding line numbers... ("addr2line <addr> -f -i -C -e /Users/tmas0023/.local/scripts/chem/lammps/travis")
 # 13 - [0x105b42fc3] 
 # 12 - [0x105b436b0] 
 # 11 - [0x105b437d9] 
 # 10 - [0x7fff6929fb5d] 
 #  9 - [       0x0] 
 #  8 - [0x7fff6913f4a3] 
 #  7 - [0x7fff69138f4f] 
 #  6 - [0x105db0b50] 
 #  5 - [0x105db0270] 
 #  4 - [0x105c06252] 
 #  3 - [0x105db97cf] 
 #  2 - [0x7fff690b43d5] 
 #  1 - [       0x3] 
Delivering control to operating system.
