Command line:
"travis -p traj.lmp"


  ________                                 __
 /        |                               /  |
 ########/ ______    ______    __     __  ##/    _______
    ## |  /      \  /      \  /  \   /  | /  |  /       |
    ## | /######  | ######  | ##  \ /##/  ## | /#######/
    ## | ## |  ##/  /    ## |  ##  /##/   ## | ##      \
    ## | ## |      /####### |   ## ##/    ## |  ######  |
    ## | ## |      ##    ## |    ###/     ## | /     ##/
    ##/  ##/        #######/      #/      ##/  #######/

    TRajectory Analyzer and VISualizer  -  Open-source freeware under GNU GPL v3

    Copyright (c) Martin Brehm      (2009-2020), University of Halle (Saale)
                  Martin Thomas     (2012-2020)
                  Sascha Gehrke     (2016-2020), University of Bonn
                  Barbara Kirchner  (2009-2020), University of Bonn

    http://www.travis-analyzer.de

    Please cite: J. Chem. Phys. 2020, 152 (16), 164105.         (DOI 10.1063/5.0005078 )
                 J. Chem. Inf. Model. 2011, 51 (8), 2007-2023.  (DOI 10.1021/ci200217w )

    There is absolutely no warranty on any results obtained from TRAVIS.

 #  Running on MU00151959X at Fri Feb 12 12:33:32 2021 (PID 22853)
 #  Running in /Users/tmas0023/Documents/repos/hydrated_ils/pol-il-drudes/nemd-nvt/ch-dhp-water/nh-eq-md
 #  Version: May 4 2020 (may the force (-: ) HF2, built at Aug  6 2020, 18:09:00, compiler "4.2.1 Compatible Apple LLVM 10.0.1 (clang-1001.0.46.4)", LLVM, CLANG 10.0.1, GCC 4.2.1
 #  Target platform: Linux,  Compile flags: DEBUG_ARRAYS 
 #  Machine: int=4b, long=8b, addr=8b, 0xA0B0C0D0=D0,C0,B0,A0.
 #  Home: /Users/tmas0023,  Executable: /Users/tmas0023/.local/scripts/chem/lammps/travis
 #  Input from terminal,  Output to terminal

    >>> Please use a color scheme with dark background or specify "-nocolor"! <<<

    Loading configuration from /Users/tmas0023/.travis.conf ...
      TRAVIS version has changed. You should write a new configuration file (specify "-writeconf").

[Renaming existing File input.txt to #1#input.txt ...OK.]
    Opening position trajectory traj.lmp ...

    Trajectory contains approximately 142 frames (just a *guess* from the file size of 3.38 MiB).

    No element data found for atom "M".

    960 atoms in the system: 100x C, 520x H, 100x M, 20x N, 200x O, 20x P

    System extent:  X = {   +149 ..  +2351 pm }, dX = 2203 pm
      (in step 1)   Y = {   +146 ..  +2356 pm }, dY = 2210 pm
                    Z = {   +147 ..  +2359 pm }, dZ = 2212 pm

*** Important note:  Trajectory file is in LAMMPS format.

    TRAVIS requires that the atom ordering (sorting) is identical in each time step of the trajectory.
    However, LAMMPS' defaults may order the atoms randomly in each step when dumping a trajectory.
    To read a LAMMPS trajectory in TRAVIS, you *need* to make sure the atom ordering stays constant.
    This can be achieved by specifying "dump modify ... sort id" to your trajectory dump command.

    I have acknowledged this note (y/n). [yes] 

    Unrecognized atom types: M

    Do you want to assign atom data to them (y/n)? [yes] n

    Do you want to hide atom type "M" (y/n)? [yes] y

    The "advanced mode" offers seldomly required features, including support for non-orthorhombic
    simulation cells, NPT ensemble, non-periodic systems, user-definded virtual atoms, pseudomolecules, ...

    Use the advanced mode until the analysis selection menu (y/n)? [no] 

    Found cell geometry data in trajectory file:

      X = 2500.00 pm,   Y = 2500.00 pm,   Z = 2500.00 pm

    The overall box density is 0.619017 g/cm^3.

    Assuming a 3D-periodic cell.

    Use these values (y) or enter different values (n)? [yes] 
    Update cell geometry in every time step (i.e., NPT ensemble) (y) or use fixed cell (n)? [yes] 

    Using the following element data:

      Element | Ord. Number |  Mass / u | Cov. Radius / pm | VdW Radius / pm | Color
    ----------|-------------|-----------|------------------|-----------------|----------
      M       |           0 |   0.00000 |             0.00 |            0.00 | #00FFFF
      H       |           1 |   1.00798 |            37.00 |          110.00 | #FFFFFF
      C       |           6 |  12.01060 |            82.00 |          170.00 | #808080
      N       |           7 |  14.00690 |            77.00 |          155.00 | #0000FF
      O       |           8 |  15.99940 |            75.00 |          152.00 | #FF0000
      P       |          15 |  30.97376 |           111.00 |          180.00 | #E47100


    NPT: Using a cell vector of ( 2500.00 pm | 2500.00 pm | 2500.00 pm ) for molecule recognition.


    Initialized spatial domain engine with 9 x 9 x 9 cells, min. diameter = 255 pm.

    Molecule recognition [##################################################]

    140 molecules found.

    Sorting atom types...
    Setting up bond lists...
    Building atom codes...
    Creating refined topological atom order...
      [############################################################] Done.
    Creating bond list...
    Creating angle list...
    Grouping together equivalent molecules...
    Found 3 unique molecule types.
    Sorting molecule types by molecular mass...
    Found 0 rings.
    Molecule recognition finished.

Output of bond matrices:

*** Molecule 1: C5H14NO; Representant 1; Distances in pm ***

    C1  C2  C3  C4  C5  H1  H2  H3  H4  H5  H6  H7  H8  H9  H10 H11 H12 H13 H14 N1  O1 
C1  *** 155  -   -   -  109 109  -   -   -   -   -   -   -   -   -   -   -   -  153  -  
C2  155 ***  -   -   -   -   -   -  109 109  -   -   -   -   -   -   -   -   -   -  143 
C3   -   -  ***  -   -   -   -   -   -   -  109 109 109  -   -   -   -   -   -  151  -  
C4   -   -   -  ***  -   -   -   -   -   -   -   -   -  109 109 109  -   -   -  152  -  
C5   -   -   -   -  ***  -   -   -   -   -   -   -   -   -   -   -  109 109 109 151  -  
H1  109  -   -   -   -  ***  -   -   -   -   -   -   -   -   -   -   -   -   -   -   -  
H2  109  -   -   -   -   -  ***  -   -   -   -   -   -   -   -   -   -   -   -   -   -  
H3   -   -   -   -   -   -   -  ***  -   -   -   -   -   -   -   -   -   -   -   -   95 
H4   -  109  -   -   -   -   -   -  ***  -   -   -   -   -   -   -   -   -   -   -   -  
H5   -  109  -   -   -   -   -   -   -  ***  -   -   -   -   -   -   -   -   -   -   -  
H6   -   -  109  -   -   -   -   -   -   -  ***  -   -   -   -   -   -   -   -   -   -  
H7   -   -  109  -   -   -   -   -   -   -   -  ***  -   -   -   -   -   -   -   -   -  
H8   -   -  109  -   -   -   -   -   -   -   -   -  ***  -   -   -   -   -   -   -   -  
H9   -   -   -  109  -   -   -   -   -   -   -   -   -  ***  -   -   -   -   -   -   -  
H10  -   -   -  109  -   -   -   -   -   -   -   -   -   -  ***  -   -   -   -   -   -  
H11  -   -   -  109  -   -   -   -   -   -   -   -   -   -   -  ***  -   -   -   -   -  
H12  -   -   -   -  109  -   -   -   -   -   -   -   -   -   -   -  ***  -   -   -   -  
H13  -   -   -   -  109  -   -   -   -   -   -   -   -   -   -   -   -  ***  -   -   -  
H14  -   -   -   -  109  -   -   -   -   -   -   -   -   -   -   -   -   -  ***  -   -  
N1  153  -  151 152 151  -   -   -   -   -   -   -   -   -   -   -   -   -   -  ***  -  
O1   -  143  -   -   -   -   -   95  -   -   -   -   -   -   -   -   -   -   -   -  *** 

    Atoms C3, C4, C5 are equivalent.
    Atoms H1, H2 are equivalent.
    Atoms H4, H5 are equivalent.
    Atoms H6, H7, H8, H9, H10, H11, H12, H13, H14 are equivalent.

*** Molecule 2: H2O4P; Representant 1; Distances in pm ***

    H1  H2  O1  O2  O3  O4  P1 
H1  ***  -   94  -   -   -   -  
H2   -  ***  -   94  -   -   -  
O1   94  -  ***  -   -   -  165 
O2   -   94  -  ***  -   -  166 
O3   -   -   -   -  ***  -  151 
O4   -   -   -   -   -  *** 153 
P1   -   -  165 166 151 153 *** 

    Atoms H1, H2 are equivalent.
    Atoms O1, O2 are equivalent.
    Atoms O3, O4 are equivalent.

*** Molecule 3: H2O; Representant 1; Distances in pm ***

    H1  H2  O1 
H1  ***  -   96 
H2   -  ***  96 
O1   96  96 *** 

    Atoms H1, H2 are equivalent.


*** The following 3 kinds of molecules have been recognized:
    (ordered by molecular mass)

  - Molecule 1:  C5H14NO (20 pieces, 104.17 g/mol)
      (9 noneq. atoms, 8 noneq. bonds, 13 noneq. angles)
      Concentration:   2.125490 mol/liter

  - Molecule 2:  H2O4P (20 pieces, 96.99 g/mol)
      (4 noneq. atoms, 3 noneq. bonds, 4 noneq. angles)
      Concentration:   2.125490 mol/liter

  - Molecule 3:  H2O (100 pieces, 18.02 g/mol)
      (2 noneq. atoms, 1 noneq. bond, 1 noneq. angle)
      Concentration:  10.627450 mol/liter


    If you switch on "USE_OPENBABEL" in config.h, TRAVIS can print SMILES strings of your molecules.

    You can create images of the structural formulas with the atom labels for easier
    identification of the atoms (requires installed GraphViz package - see www.graphviz.org).

    Create images of the structural formulas (y/n)? [no] 

    Accept these molecules (y) or change something (n)? [yes] 

    Uniting molecules which have been broken by wrapping...

    Determining maximum molecular diameters...

    Found the following maximal molecular diameters:

      (*) Molecule 1 (C5H14NO):    545.11 pm

      (*) Molecule 2 (H2O4P):      329.98 pm

      (*) Molecule 3 (H2O):        151.40 pm


    The atoms are currently ordered by topological priority.

    Defining virtual atom #1 as molecular Center of Geometry:
      - C5H14NO...
      - H2O4P...
      - H2O...

    Defining virtual atom #2 as molecular Center of Mass:
      - C5H14NO...
      - H2O4P...
      - H2O...

    Defining molecular dipole vectors:

      The last virtual atom of each molecule is defined as the tip of the dipole vector
      starting in center of mass (#2). 1 Debye corresponds to 100 pm of vector length.
      Only useful if dipole/charge data is provided. Otherwise vector has always length of zero.

      - Dipole vector #2 --> #3 in C5H14NO ...
      - Dipole vector #2 --> #3 in H2O4P ...
      - Dipole vector #2 --> #3 in H2O ...

>>> 9 virtual atoms have been defined: >>>

    #1 in C5H14NO: Center of Geometry.
    #2 in C5H14NO: Center of Mass.

    #3 in C5H14NO - tip of molecular dipole vector starting in #2.

    #1 in H2O4P: Center of Geometry.
    #2 in H2O4P: Center of Mass.

    #3 in H2O4P - tip of molecular dipole vector starting in #2.

    #1 in H2O: Center of Geometry.
    #2 in H2O: Center of Mass.

    #3 in H2O - tip of molecular dipole vector starting in #2.

<<< End of virtual atoms <<<


>>> List of functions <<<

 *** Static (time independent) Functions
 cdf     - Combined Distribution Function
 rdf     - Radial Distribution Function
 adf     - Angular Distribution Function
 ddf     - Dihedral Distribution Function
 pldf    - Point-Plane Distance Distribution
 lidf    - Point-Line Distance Distribution
 plproj  - Plane Projection Distribution
 dprof   - Fixed Plane Density Profile
 fpp     - Fixed Plane Projection
 dens    - Density Distribution Function
 sdf     - Spatial Distribution Function
 psdf    - Pseudo SDF (only 2 ref. atoms)
 dip     - Dipole Distribution Function
 cond    - Evaluate Structural Condition
 sfac    - Compute Structure Factor
 agtopo  - Aggregation Topology Analysis
 cmat    - Contact Matrix / Connection Matrix
 geodens - Particle Density inside Geometric Object

 *** Dynamic (time dependent) Functions
 vdf     - Velocity Distribution Function
 fdf     - Force Distribution Function
 msd     - Mean Square Displacement / Diffusion Coefficients
 acf     - Velocity Autocorrelation Functions
 rdyn    - Vector Reorientation Dynamics
 vhcf    - Van Hove Correlation Function
 aggr    - Aggregation Functions (DACF, DLDF, DDisp)
 hbond   - Hydrogen Bond Dynamics
 ionpair - Diffusion Corrected Ion Pair Dynamics
 tddf    - Time Dependent Distribution Functions

 *** Spectroscopic Functions
 spec    - New Spectroscopy Module (IR, Raman, VCD, ROA)
 power   - Calculate Power Spectrum
 nc      - Normal Coordinate Analysis
 ir      - (old) Calculate IR Spectrum
 raman   - (old) Calculate Raman Spectrum
 vcd     - (old) Calculate VCD Spectrum
 drst    - Save Dipole Restart File
 mrst    - Save Magnetic Moment Restart File
 pol     - Set up Polarizability Calculation

 *** Miscellaneous Functions
 env     - Save Trajectory of RM Environment / TDO Plot
 proc    - Save Processed Trajectory
 cut     - Cut Clusters
 reg     - Region-specific Analysis
 chi     - Chirality Analysis
 eck     - Transform to Eckart Frame
 swan    - Sort Wannier Centers
 voro    - Basic Voronoi Analysis
 doma    - Domain Analysis
 vori    - Voronoi Integration Functions
 order   - Order Parameters
 hole    - Hole Theory based Analysis

   (You may specify multiple analyses at once, but
    the safe way is to perform only one kind of analysis at a time.)

    Which functions to compute (comma separated)? msd

 msd    - Mean Square Displacement / Diffusion Coefficients

    Warning: When a variable cell vector is used, dynamical analyses (like spectra or MSDs)
             will give erroneous results.

    The advanced mode includes some options which are quite powerful,
    yet possibly weird or seldomly required.

    Use the advanced mode for the main part (y/n)? [no] 

    Enter the physical time distance between successive trajectory frames in fs: [0.5] 100


>>> Observation 1 >>>

    Which molecule should be observed (C5H14NO=1, H2O4P=2, H2O=3)? 1

*** Mean Square Displacement

    Which atom(s) to take from OM C5H14NO (e.g. "C1,C3-5,H", "*"=all)? [#2] *

    The correlation depth of the MSD determines the maximum temporal distance between two trajectory frames to be
    considered, and the maximum correlation time on the horizontal axis. It has nothing to do with selecting a certain
    part of the trajectory. The full trajectory is always used to compute the MSD, unless otherwise specified further below.

    Note: The correlation depth should not be larger than approx. 30% of the total trajectory step count.

    Enter the correlation depth for this MSD (in trajectory frames): [42] 

    Taking every 1. step for the time axis, shifting correlation window 1 steps at once.
    If you have to change these settings, use the "advanced mode".

<<< End of Observation 1 <<<

    Add another observation (y/n)? [no] y

>>> Observation 2 >>>

    Which molecule should be observed (C5H14NO=1, H2O4P=2, H2O=3)? 2

*** Mean Square Displacement

    Which atom(s) to take from OM H2O4P (e.g. "C1,C3-5,H", "*"=all)? [#2] *

    The correlation depth of the MSD determines the maximum temporal distance between two trajectory frames to be
    considered, and the maximum correlation time on the horizontal axis. It has nothing to do with selecting a certain
    part of the trajectory. The full trajectory is always used to compute the MSD, unless otherwise specified further below.

    Note: The correlation depth should not be larger than approx. 30% of the total trajectory step count.

    Enter the correlation depth for this MSD (in trajectory frames): [42] 

    Taking every 1. step for the time axis, shifting correlation window 1 steps at once.
    If you have to change these settings, use the "advanced mode".

<<< End of Observation 2 <<<

    Add another observation (y/n)? [no] y

>>> Observation 3 >>>

    Which molecule should be observed (C5H14NO=1, H2O4P=2, H2O=3)? 3

*** Mean Square Displacement

    Which atom(s) to take from OM H2O (e.g. "C1,C3-5,H", "*"=all)? [#2] *

    The correlation depth of the MSD determines the maximum temporal distance between two trajectory frames to be
    considered, and the maximum correlation time on the horizontal axis. It has nothing to do with selecting a certain
    part of the trajectory. The full trajectory is always used to compute the MSD, unless otherwise specified further below.

    Note: The correlation depth should not be larger than approx. 30% of the total trajectory step count.

    Enter the correlation depth for this MSD (in trajectory frames): [42] 

    Taking every 1. step for the time axis, shifting correlation window 1 steps at once.
    If you have to change these settings, use the "advanced mode".

<<< End of Observation 3 <<<

    Add another observation (y/n)? [no] 

>>> Observation List >>>

  *** Observation 1
    - MSD: C5H14NO_CHNO
  *** Observation 2
    - MSD: H2O4P_HOP
  *** Observation 3
    - MSD: H2O_HO

<<< End of Observation List <<<


    Not wrapping molecules into the box.

    Remove center of mass movement of the box (y/n)? [yes] 

    In which trajectory frame to start processing the trajectory? [1] 
    How many trajectory frames to read (from this position on)? [all] 
    Use every n-th read trajectory frame for the analysis: [1] 

    Using 142 time steps: Every 1st within range 1 - approx. 142.

########## All information collected ##########

>>> Initialization >>>

Initializing observation 1...
  Creating MSD...
    MSD Cache: Trying to reserve 1444.41 KiB of memory...
Initializing observation 2...
  Creating MSD...
    MSD Cache: Trying to reserve 481.47 KiB of memory...
Initializing observation 3...
  Creating MSD...
    MSD Cache: Trying to reserve 1031.72 KiB of memory...

<<< End of Initialization <<<


##########   Starting Main Pass   ##########

Hint: Press CTRL+C once to softly interrupt analysis and still write the results.
      Creating an empty file named EXIT ("touch EXIT") has the same effect.

Step      0 ..................................................
Step     50 .....
End of trajectory file reached.


##########   Main pass done   ##########

142 time steps processed.



    Finishing analyses:
----------------------------------------------------------------------------------------------------------


>>> Observation 1 >>>

* Mean Square Displacement
    Computing square displacement of cached vectors...
         1/420:  [##########################################]
         2/420:  [##########################################]
         3/420:  [##########################################]
         4/420:  [##########################################]
         5/420:  [##########################################]
         6/420:  [##########################################]
         7/420:  [##########################################]
         8/420:  [##########################################]
         9/420:  [##########################################]
        10/420:  [##########################################]
        11/420:  [##########################################]
        12/420:  [##########################################]
        13/420:  [##########################################]
        14/420:  [##########################################]
        15/420:  [##########################################]
        16/420:  [##########################################]
        17/420:  [##########################################]
        18/420:  [##########################################]
        19/420:  [##########################################]
        20/420:  [##########################################]
        21/420:  [##########################################]
        22/420:  [##########################################]
        23/420:  [##########################################]
        24/420:  [##########################################]
        25/420:  [##########################################]
        26/420:  [##########################################]
        27/420:  [##########################################]
        28/420:  [##########################################]
        29/420:  [##########################################]
        30/420:  [##########################################]
        31/420:  [##########################################]
        32/420:  [##########################################]
        33/420:  [##########################################]
        34/420:  [##########################################]
        35/420:  [##########################################]
        36/420:  [##########################################]
        37/420:  [##########################################]
        38/420:  [##########################################]
        39/420:  [##########################################]
        40/420:  [##########################################]
        41/420:  [##########################################]
        42/420:  [##########################################]
        43/420:  [##########################################]
        44/420:  [##########################################]
        45/420:  [##########################################]
        46/420:  [##########################################]
        47/420:  [##########################################]
        48/420:  [##########################################]
        49/420:  [##########################################]
        50/420:  [##########################################]
        51/420:  [##########################################]
        52/420:  [##########################################]
        53/420:  [##########################################]
        54/420:  [##########################################]
        55/420:  [##########################################]
        56/420:  [##########################################]
        57/420:  [##########################################]
        58/420:  [##########################################]
        59/420:  [##########################################]
        60/420:  [##########################################]
        61/420:  [##########################################]
        62/420:  [##########################################]
        63/420:  [##########################################]
        64/420:  [##########################################]
        65/420:  [##########################################]
        66/420:  [##########################################]
        67/420:  [##########################################]
        68/420:  [##########################################]
        69/420:  [##########################################]
        70/420:  [##########################################]
        71/420:  [##########################################]
        72/420:  [##########################################]
        73/420:  [##########################################]
        74/420:  [##########################################]
        75/420:  [##########################################]
        76/420:  [##########################################]
        77/420:  [##########################################]
        78/420:  [##########################################]
        79/420:  [##########################################]
        80/420:  [##########################################]
        81/420:  [##########################################]
        82/420:  [##########################################]
        83/420:  [##########################################]
        84/420:  [##########################################]
        85/420:  [##########################################]
        86/420:  [##########################################]
        87/420:  [##########################################]
        88/420:  [##########################################]
        89/420:  [##########################################]
        90/420:  [##########################################]
        91/420:  [##########################################]
        92/420:  [##########################################]
        93/420:  [##########################################]
        94/420:  [##########################################]
        95/420:  [##########################################]
        96/420:  [##########################################]
        97/420:  [##########################################]
        98/420:  [##########################################]
        99/420:  [##########################################]
       100/420:  [##########################################]
       101/420:  [##########################################]
       102/420:  [##########################################]
       103/420:  [##########################################]
       104/420:  [##########################################]
       105/420:  [##########################################]
       106/420:  [##########################################]
       107/420:  [##########################################]
       108/420:  [##########################################]
       109/420:  [##########################################]
       110/420:  [##########################################]
       111/420:  [##########################################]
       112/420:  [##########################################]
       113/420:  [##########################################]
       114/420:  [##########################################]
       115/420:  [##########################################]
       116/420:  [##########################################]
       117/420:  [##########################################]
       118/420:  [##########################################]
       119/420:  [##########################################]
       120/420:  [##########################################]
       121/420:  [##########################################]
       122/420:  [##########################################]
       123/420:  [##########################################]
       124/420:  [##########################################]
       125/420:  [##########################################]
       126/420:  [##########################################]
       127/420:  [##########################################]
       128/420:  [##########################################]
       129/420:  [##########################################]
       130/420:  [##########################################]
       131/420:  [##########################################]
       132/420:  [##########################################]
       133/420:  [##########################################]
       134/420:  [##########################################]
       135/420:  [##########################################]
       136/420:  [##########################################]
       137/420:  [##########################################]
       138/420:  [##########################################]
       139/420:  [##########################################]
       140/420:  [##########################################]
       141/420:  [##########################################]
       142/420:  [##########################################]
       143/420:  [##########################################]
       144/420:  [##########################################]
       145/420:  [##########################################]
       146/420:  [##########################################]
       147/420:  [##########################################]
       148/420:  [##########################################]
       149/420:  [##########################################]
       150/420:  [##########################################]
       151/420:  [##########################################]
       152/420:  [##########################################]
       153/420:  [##########################################]
       154/420:  [##########################################]
       155/420:  [##########################################]
       156/420:  [##########################################]
       157/420:  [##########################################]
       158/420:  [##########################################]
       159/420:  [##########################################]
       160/420:  [##########################################]
       161/420:  [##########################################]
       162/420:  [##########################################]
       163/420:  [##########################################]
       164/420:  [##########################################]
       165/420:  [##########################################]
       166/420:  [##########################################]
       167/420:  [##########################################]
       168/420:  [##########################################]
       169/420:  [##########################################]
       170/420:  [##########################################]
       171/420:  [##########################################]
       172/420:  [##########################################]
       173/420:  [##########################################]
       174/420:  [##########################################]
       175/420:  [##########################################]
       176/420:  [##########################################]
       177/420:  [##########################################]
       178/420:  [##########################################]
       179/420:  [##########################################]
       180/420:  [##########################################]
       181/420:  [##########################################]
       182/420:  [##########################################]
       183/420:  [##########################################]
       184/420:  [##########################################]
       185/420:  [##########################################]
       186/420:  [##########################################]
       187/420:  [##########################################]
       188/420:  [##########################################]
       189/420:  [##########################################]
       190/420:  [##########################################]
       191/420:  [##########################################]
       192/420:  [##########################################]
       193/420:  [##########################################]
       194/420:  [##########################################]
       195/420:  [##########################################]
       196/420:  [##########################################]
       197/420:  [##########################################]
       198/420:  [##########################################]
       199/420:  [##########################################]
       200/420:  [##########################################]
       201/420:  [##########################################]
       202/420:  [##########################################]
       203/420:  [##########################################]
       204/420:  [##########################################]
       205/420:  [##########################################]
       206/420:  [##########################################]
       207/420:  [##########################################]
       208/420:  [##########################################]
       209/420:  [##########################################]
       210/420:  [##########################################]
       211/420:  [##########################################]
       212/420:  [##########################################]
       213/420:  [##########################################]
       214/420:  [##########################################]
       215/420:  [##########################################]
       216/420:  [##########################################]
       217/420:  [##########################################]
       218/420:  [##########################################]
       219/420:  [##########################################]
       220/420:  [##########################################]
       221/420:  [##########################################]
       222/420:  [##########################################]
       223/420:  [##########################################]
       224/420:  [##########################################]
       225/420:  [##########################################]
       226/420:  [##########################################]
       227/420:  [##########################################]
       228/420:  [##########################################]
       229/420:  [##########################################]
       230/420:  [##########################################]
       231/420:  [##########################################]
       232/420:  [##########################################]
       233/420:  [##########################################]
       234/420:  [##########################################]
       235/420:  [##########################################]
       236/420:  [##########################################]
       237/420:  [##########################################]
       238/420:  [##########################################]
       239/420:  [##########################################]
       240/420:  [##########################################]
       241/420:  [##########################################]
       242/420:  [##########################################]
       243/420:  [##########################################]
       244/420:  [##########################################]
       245/420:  [##########################################]
       246/420:  [##########################################]
       247/420:  [##########################################]
       248/420:  [##########################################]
       249/420:  [##########################################]
       250/420:  [##########################################]
       251/420:  [##########################################]
       252/420:  [##########################################]
       253/420:  [##########################################]
       254/420:  [##########################################]
       255/420:  [##########################################]
       256/420:  [##########################################]
       257/420:  [##########################################]
       258/420:  [##########################################]
       259/420:  [##########################################]
       260/420:  [##########################################]
       261/420:  [##########################################]
       262/420:  [##########################################]
       263/420:  [##########################################]
       264/420:  [##########################################]
       265/420:  [##########################################]
       266/420:  [##########################################]
       267/420:  [##########################################]
       268/420:  [##########################################]
       269/420:  [##########################################]
       270/420:  [##########################################]
       271/420:  [##########################################]
       272/420:  [##########################################]
       273/420:  [##########################################]
       274/420:  [##########################################]
       275/420:  [##########################################]
       276/420:  [##########################################]
       277/420:  [##########################################]
       278/420:  [##########################################]
       279/420:  [##########################################]
       280/420:  [##########################################]
       281/420:  [##########################################]
       282/420:  [##########################################]
       283/420:  [##########################################]
       284/420:  [##########################################]
       285/420:  [##########################################]
       286/420:  [##########################################]
       287/420:  [##########################################]
       288/420:  [##########################################]
       289/420:  [##########################################]
       290/420:  [##########################################]
       291/420:  [##########################################]
       292/420:  [##########################################]
       293/420:  [##########################################]
       294/420:  [##########################################]
       295/420:  [##########################################]
       296/420:  [##########################################]
       297/420:  [##########################################]
       298/420:  [##########################################]
       299/420:  [##########################################]
       300/420:  [##########################################]
       301/420:  [##########################################]
       302/420:  [##########################################]
       303/420:  [##########################################]
       304/420:  [##########################################]
       305/420:  [##########################################]
       306/420:  [##########################################]
       307/420:  [##########################################]
       308/420:  [##########################################]
       309/420:  [##########################################]
       310/420:  [##########################################]
       311/420:  [##########################################]
       312/420:  [##########################################]
       313/420:  [##########################################]
       314/420:  [##########################################]
       315/420:  [##########################################]
       316/420:  [##########################################]
       317/420:  [##########################################]
       318/420:  [##########################################]
       319/420:  [##########################################]
       320/420:  [##########################################]
       321/420:  [##########################################]
       322/420:  [##########################################]
       323/420:  [##########################################]
       324/420:  [##########################################]
       325/420:  [##########################################]
       326/420:  [##########################################]
       327/420:  [##########################################]
       328/420:  [##########################################]
       329/420:  [##########################################]
       330/420:  [##########################################]
       331/420:  [##########################################]
       332/420:  [##########################################]
       333/420:  [##########################################]
       334/420:  [##########################################]
       335/420:  [##########################################]
       336/420:  [##########################################]
       337/420:  [##########################################]
       338/420:  [##########################################]
       339/420:  [##########################################]
       340/420:  [##########################################]
       341/420:  [##########################################]
       342/420:  [##########################################]
       343/420:  [##########################################]
       344/420:  [##########################################]
       345/420:  [##########################################]
       346/420:  [##########################################]
       347/420:  [##########################################]
       348/420:  [##########################################]
       349/420:  [##########################################]
       350/420:  [##########################################]
       351/420:  [##########################################]
       352/420:  [##########################################]
       353/420:  [##########################################]
       354/420:  [##########################################]
       355/420:  [##########################################]
       356/420:  [##########################################]
       357/420:  [##########################################]
       358/420:  [##########################################]
       359/420:  [##########################################]
       360/420:  [##########################################]
       361/420:  [##########################################]
       362/420:  [##########################################]
       363/420:  [##########################################]
       364/420:  [##########################################]
       365/420:  [##########################################]
       366/420:  [##########################################]
       367/420:  [##########################################]
       368/420:  [##########################################]
       369/420:  [##########################################]
       370/420:  [##########################################]
       371/420:  [##########################################]
       372/420:  [##########################################]
       373/420:  [##########################################]
       374/420:  [##########################################]
       375/420:  [##########################################]
       376/420:  [##########################################]
       377/420:  [##########################################]
       378/420:  [##########################################]
       379/420:  [##########################################]
       380/420:  [##########################################]
       381/420:  [##########################################]
       382/420:  [##########################################]
       383/420:  [##########################################]
       384/420:  [##########################################]
       385/420:  [##########################################]
       386/420:  [##########################################]
       387/420:  [##########################################]
       388/420:  [##########################################]
       389/420:  [##########################################]
       390/420:  [##########################################]
       391/420:  [##########################################]
       392/420:  [##########################################]
       393/420:  [##########################################]
       394/420:  [##########################################]
       395/420:  [##########################################]
       396/420:  [##########################################]
       397/420:  [##########################################]
       398/420:  [##########################################]
       399/420:  [##########################################]
       400/420:  [##########################################]
       401/420:  [##########################################]
       402/420:  [##########################################]
       403/420:  [##########################################]
       404/420:  [##########################################]
       405/420:  [##########################################]
       406/420:  [##########################################]
       407/420:  [##########################################]
       408/420:  [##########################################]
       409/420:  [##########################################]
       410/420:  [##########################################]
       411/420:  [##########################################]
       412/420:  [##########################################]
       413/420:  [##########################################]
       414/420:  [##########################################]
       415/420:  [##########################################]
       416/420:  [##########################################]
       417/420:  [##########################################]
       418/420:  [##########################################]
       419/420:  [##########################################]
       420/420:  [##########################################]
    2143260 bin entries.

    Saving result as msd_C5H14NO_CHNO.csv ...

    Performing linear regression on interval 2.10 - 4.20 ps...

      MSD(t) = 21218.481094 + 12628.082224 * t   (units: [MSD] = pm^2, [t] = ps).
           R = 0.999659   (correlation coefficient)

      Diffusion coefficient D = 2104.680371 pm^2/ps  =  2.10468E-09 m^2/s.
        (assuming <x^2> = 6 * D * t)

    Saving linear regression curve as msd_C5H14NO_CHNO_fit.csv ...

>>> Observation 2 >>>

* Mean Square Displacement
    Computing square displacement of cached vectors...
         1/140:  [##########################################]
         2/140:  [##########################################]
         3/140:  [##########################################]
         4/140:  [##########################################]
         5/140:  [##########################################]
         6/140:  [##########################################]
         7/140:  [##########################################]
         8/140:  [##########################################]
         9/140:  [##########################################]
        10/140:  [##########################################]
        11/140:  [##########################################]
        12/140:  [##########################################]
        13/140:  [##########################################]
        14/140:  [##########################################]
        15/140:  [##########################################]
        16/140:  [##########################################]
        17/140:  [##########################################]
        18/140:  [##########################################]
        19/140:  [##########################################]
        20/140:  [##########################################]
        21/140:  [##########################################]
        22/140:  [##########################################]
        23/140:  [##########################################]
        24/140:  [##########################################]
        25/140:  [##########################################]
        26/140:  [##########################################]
        27/140:  [##########################################]
        28/140:  [##########################################]
        29/140:  [##########################################]
        30/140:  [##########################################]
        31/140:  [##########################################]
        32/140:  [##########################################]
        33/140:  [##########################################]
        34/140:  [##########################################]
        35/140:  [##########################################]
        36/140:  [##########################################]
        37/140:  [##########################################]
        38/140:  [##########################################]
        39/140:  [##########################################]
        40/140:  [##########################################]
        41/140:  [##########################################]
        42/140:  [##########################################]
        43/140:  [##########################################]
        44/140:  [##########################################]
        45/140:  [##########################################]
        46/140:  [##########################################]
        47/140:  [##########################################]
        48/140:  [##########################################]
        49/140:  [##########################################]
        50/140:  [##########################################]
        51/140:  [##########################################]
        52/140:  [##########################################]
        53/140:  [##########################################]
        54/140:  [##########################################]
        55/140:  [##########################################]
        56/140:  [##########################################]
        57/140:  [##########################################]
        58/140:  [##########################################]
        59/140:  [##########################################]
        60/140:  [##########################################]
        61/140:  [##########################################]
        62/140:  [##########################################]
        63/140:  [##########################################]
        64/140:  [##########################################]
        65/140:  [##########################################]
        66/140:  [##########################################]
        67/140:  [##########################################]
        68/140:  [##########################################]
        69/140:  [##########################################]
        70/140:  [##########################################]
        71/140:  [##########################################]
        72/140:  [##########################################]
        73/140:  [##########################################]
        74/140:  [##########################################]
        75/140:  [##########################################]
        76/140:  [##########################################]
        77/140:  [##########################################]
        78/140:  [##########################################]
        79/140:  [##########################################]
        80/140:  [##########################################]
        81/140:  [##########################################]
        82/140:  [##########################################]
        83/140:  [##########################################]
        84/140:  [##########################################]
        85/140:  [##########################################]
        86/140:  [##########################################]
        87/140:  [##########################################]
        88/140:  [##########################################]
        89/140:  [##########################################]
        90/140:  [##########################################]
        91/140:  [##########################################]
        92/140:  [##########################################]
        93/140:  [##########################################]
        94/140:  [##########################################]
        95/140:  [##########################################]
        96/140:  [##########################################]
        97/140:  [##########################################]
        98/140:  [##########################################]
        99/140:  [##########################################]
       100/140:  [##########################################]
       101/140:  [##########################################]
       102/140:  [##########################################]
       103/140:  [##########################################]
       104/140:  [##########################################]
       105/140:  [##########################################]
       106/140:  [##########################################]
       107/140:  [##########################################]
       108/140:  [##########################################]
       109/140:  [##########################################]
       110/140:  [##########################################]
       111/140:  [##########################################]
       112/140:  [##########################################]
       113/140:  [##########################################]
       114/140:  [##########################################]
       115/140:  [##########################################]
       116/140:  [##########################################]
       117/140:  [##########################################]
       118/140:  [##########################################]
       119/140:  [##########################################]
       120/140:  [##########################################]
       121/140:  [##########################################]
       122/140:  [##########################################]
       123/140:  [##########################################]
       124/140:  [##########################################]
       125/140:  [##########################################]
       126/140:  [##########################################]
       127/140:  [##########################################]
       128/140:  [##########################################]
       129/140:  [##########################################]
       130/140:  [##########################################]
       131/140:  [##########################################]
       132/140:  [##########################################]
       133/140:  [##########################################]
       134/140:  [##########################################]
       135/140:  [##########################################]
       136/140:  [##########################################]
       137/140:  [##########################################]
       138/140:  [##########################################]
       139/140:  [##########################################]
       140/140:  [##########################################]
    714420 bin entries.

    Saving result as msd_H2O4P_HOP.csv ...

    Performing linear regression on interval 2.10 - 4.20 ps...

      MSD(t) = 16556.774133 + 12790.472434 * t   (units: [MSD] = pm^2, [t] = ps).
           R = 0.999788   (correlation coefficient)

      Diffusion coefficient D = 2131.745406 pm^2/ps  =  2.13175E-09 m^2/s.
        (assuming <x^2> = 6 * D * t)

    Saving linear regression curve as msd_H2O4P_HOP_fit.csv ...

>>> Observation 3 >>>

* Mean Square Displacement
    Computing square displacement of cached vectors...
         1/300:  [##########################################]
         2/300:  [##########################################]
         3/300:  [##########################################]
         4/300:  [##########################################]
         5/300:  [##########################################]
         6/300:  [##########################################]
         7/300:  [##########################################]
         8/300:  [##########################################]
         9/300:  [##########################################]
        10/300:  [##########################################]
        11/300:  [##########################################]
        12/300:  [##########################################]
        13/300:  [##########################################]
        14/300:  [##########################################]
        15/300:  [##########################################]
        16/300:  [##########################################]
        17/300:  [##########################################]
        18/300:  [##########################################]
        19/300:  [##########################################]
        20/300:  [##########################################]
        21/300:  [##########################################]
        22/300:  [##########################################]
        23/300:  [##########################################]
        24/300:  [##########################################]
        25/300:  [##########################################]
        26/300:  [##########################################]
        27/300:  [##########################################]
        28/300:  [##########################################]
        29/300:  [##########################################]
        30/300:  [##########################################]
        31/300:  [##########################################]
        32/300:  [##########################################]
        33/300:  [##########################################]
        34/300:  [##########################################]
        35/300:  [##########################################]
        36/300:  [##########################################]
        37/300:  [##########################################]
        38/300:  [##########################################]
        39/300:  [##########################################]
        40/300:  [##########################################]
        41/300:  [##########################################]
        42/300:  [##########################################]
        43/300:  [##########################################]
        44/300:  [##########################################]
        45/300:  [##########################################]
        46/300:  [##########################################]
        47/300:  [##########################################]
        48/300:  [##########################################]
        49/300:  [##########################################]
        50/300:  [##########################################]
        51/300:  [##########################################]
        52/300:  [##########################################]
        53/300:  [##########################################]
        54/300:  [##########################################]
        55/300:  [##########################################]
        56/300:  [##########################################]
        57/300:  [##########################################]
        58/300:  [##########################################]
        59/300:  [##########################################]
        60/300:  [##########################################]
        61/300:  [##########################################]
        62/300:  [##########################################]
        63/300:  [##########################################]
        64/300:  [##########################################]
        65/300:  [##########################################]
        66/300:  [##########################################]
        67/300:  [##########################################]
        68/300:  [##########################################]
        69/300:  [##########################################]
        70/300:  [##########################################]
        71/300:  [##########################################]
        72/300:  [##########################################]
        73/300:  [##########################################]
        74/300:  [##########################################]
        75/300:  [##########################################]
        76/300:  [##########################################]
        77/300:  [##########################################]
        78/300:  [##########################################]
        79/300:  [##########################################]
        80/300:  [##########################################]
        81/300:  [##########################################]
        82/300:  [##########################################]
        83/300:  [##########################################]
        84/300:  [##########################################]
        85/300:  [##########################################]
        86/300:  [##########################################]
        87/300:  [##########################################]
        88/300:  [##########################################]
        89/300:  [##########################################]
        90/300:  [##########################################]
        91/300:  [##########################################]
        92/300:  [##########################################]
        93/300:  [##########################################]
        94/300:  [##########################################]
        95/300:  [##########################################]
        96/300:  [##########################################]
        97/300:  [##########################################]
        98/300:  [##########################################]
        99/300:  [##########################################]
       100/300:  [##########################################]
       101/300:  [##########################################]
       102/300:  [##########################################]
       103/300:  [##########################################]
       104/300:  [##########################################]
       105/300:  [##########################################]
       106/300:  [##########################################]
       107/300:  [##########################################]
       108/300:  [##########################################]
       109/300:  [##########################################]
       110/300:  [##########################################]
       111/300:  [##########################################]
       112/300:  [##########################################]
       113/300:  [##########################################]
       114/300:  [##########################################]
       115/300:  [##########################################]
       116/300:  [##########################################]
       117/300:  [##########################################]
       118/300:  [##########################################]
       119/300:  [##########################################]
       120/300:  [##########################################]
       121/300:  [##########################################]
       122/300:  [##########################################]
       123/300:  [##########################################]
       124/300:  [##########################################]
       125/300:  [##########################################]
       126/300:  [##########################################]
       127/300:  [##########################################]
       128/300:  [##########################################]
       129/300:  [##########################################]
       130/300:  [##########################################]
       131/300:  [##########################################]
       132/300:  [##########################################]
       133/300:  [##########################################]
       134/300:  [##########################################]
       135/300:  [##########################################]
       136/300:  [##########################################]
       137/300:  [##########################################]
       138/300:  [##########################################]
       139/300:  [##########################################]
       140/300:  [##########################################]
       141/300:  [##########################################]
       142/300:  [##########################################]
       143/300:  [##########################################]
       144/300:  [##########################################]
       145/300:  [##########################################]
       146/300:  [##########################################]
       147/300:  [##########################################]
       148/300:  [##########################################]
       149/300:  [##########################################]
       150/300:  [##########################################]
       151/300:  [##########################################]
       152/300:  [##########################################]
       153/300:  [##########################################]
       154/300:  [##########################################]
       155/300:  [##########################################]
       156/300:  [##########################################]
       157/300:  [##########################################]
       158/300:  [##########################################]
       159/300:  [##########################################]
       160/300:  [##########################################]
       161/300:  [##########################################]
       162/300:  [##########################################]
       163/300:  [##########################################]
       164/300:  [##########################################]
       165/300:  [##########################################]
       166/300:  [##########################################]
       167/300:  [##########################################]
       168/300:  [##########################################]
       169/300:  [##########################################]
       170/300:  [##########################################]
       171/300:  [##########################################]
       172/300:  [##########################################]
       173/300:  [##########################################]
       174/300:  [##########################################]
       175/300:  [##########################################]
       176/300:  [##########################################]
       177/300:  [##########################################]
       178/300:  [##########################################]
       179/300:  [##########################################]
       180/300:  [##########################################]
       181/300:  [##########################################]
       182/300:  [##########################################]
       183/300:  [##########################################]
       184/300:  [##########################################]
       185/300:  [##########################################]
       186/300:  [##########################################]
       187/300:  [##########################################]
       188/300:  [##########################################]
       189/300:  [##########################################]
       190/300:  [##########################################]
       191/300:  [##########################################]
       192/300:  [##########################################]
       193/300:  [##########################################]
       194/300:  [##########################################]
       195/300:  [##########################################]
       196/300:  [##########################################]
       197/300:  [##########################################]
       198/300:  [##########################################]
       199/300:  [##########################################]
       200/300:  [##########################################]
       201/300:  [##########################################]
       202/300:  [##########################################]
       203/300:  [##########################################]
       204/300:  [##########################################]
       205/300:  [##########################################]
       206/300:  [##########################################]
       207/300:  [##########################################]
       208/300:  [##########################################]
       209/300:  [##########################################]
       210/300:  [##########################################]
       211/300:  [##########################################]
       212/300:  [##########################################]
       213/300:  [##########################################]
       214/300:  [##########################################]
       215/300:  [##########################################]
       216/300:  [##########################################]
       217/300:  [##########################################]
       218/300:  [##########################################]
       219/300:  [##########################################]
       220/300:  [##########################################]
       221/300:  [##########################################]
       222/300:  [##########################################]
       223/300:  [##########################################]
       224/300:  [##########################################]
       225/300:  [##########################################]
       226/300:  [##########################################]
       227/300:  [##########################################]
       228/300:  [##########################################]
       229/300:  [##########################################]
       230/300:  [##########################################]
       231/300:  [##########################################]
       232/300:  [##########################################]
       233/300:  [##########################################]
       234/300:  [##########################################]
       235/300:  [##########################################]
       236/300:  [##########################################]
       237/300:  [##########################################]
       238/300:  [##########################################]
       239/300:  [##########################################]
       240/300:  [##########################################]
       241/300:  [##########################################]
       242/300:  [##########################################]
       243/300:  [##########################################]
       244/300:  [##########################################]
       245/300:  [##########################################]
       246/300:  [##########################################]
       247/300:  [##########################################]
       248/300:  [##########################################]
       249/300:  [##########################################]
       250/300:  [##########################################]
       251/300:  [##########################################]
       252/300:  [##########################################]
       253/300:  [##########################################]
       254/300:  [##########################################]
       255/300:  [##########################################]
       256/300:  [##########################################]
       257/300:  [##########################################]
       258/300:  [##########################################]
       259/300:  [##########################################]
       260/300:  [##########################################]
       261/300:  [##########################################]
       262/300:  [##########################################]
       263/300:  [##########################################]
       264/300:  [##########################################]
       265/300:  [##########################################]
       266/300:  [##########################################]
       267/300:  [##########################################]
       268/300:  [##########################################]
       269/300:  [##########################################]
       270/300:  [##########################################]
       271/300:  [##########################################]
       272/300:  [##########################################]
       273/300:  [##########################################]
       274/300:  [##########################################]
       275/300:  [##########################################]
       276/300:  [##########################################]
       277/300:  [##########################################]
       278/300:  [##########################################]
       279/300:  [##########################################]
       280/300:  [##########################################]
       281/300:  [##########################################]
       282/300:  [##########################################]
       283/300:  [##########################################]
       284/300:  [##########################################]
       285/300:  [##########################################]
       286/300:  [##########################################]
       287/300:  [##########################################]
       288/300:  [##########################################]
       289/300:  [##########################################]
       290/300:  [##########################################]
       291/300:  [##########################################]
       292/300:  [##########################################]
       293/300:  [##########################################]
       294/300:  [##########################################]
       295/300:  [##########################################]
       296/300:  [##########################################]
       297/300:  [##########################################]
       298/300:  [##########################################]
       299/300:  [##########################################]
       300/300:  [##########################################]
    1530900 bin entries.

    Saving result as msd_H2O_HO.csv ...

    Performing linear regression on interval 2.10 - 4.20 ps...

      MSD(t) = 16534.996369 + 24381.693082 * t   (units: [MSD] = pm^2, [t] = ps).
           R = 0.999744   (correlation coefficient)

      Diffusion coefficient D = 4063.615514 pm^2/ps  =  4.06362E-09 m^2/s.
        (assuming <x^2> = 6 * D * t)

    Saving linear regression curve as msd_H2O_HO_fit.csv ...


----------------------------------------------------------------------------------------------------------
    Finished all analyses.


    Note: To show a list of all persons who contributed to TRAVIS,
          please add "-credits" to your command line arguments, or set the
          variable "SHOWCREDITS" to "TRUE" in your travis.conf file.

    Source code from other projects used in TRAVIS:
      - lmfit     from Joachim Wuttke
      - kiss_fft  from Mark Borgerding
      - voro++    from Chris Rycroft

    http://www.travis-analyzer.de

    Please cite all of the following articles for the analyses you have used:

  * For TRAVIS in general:

    "TRAVIS - A Free Analyzer for Trajectories from Molecular Simulation",
    M. Brehm, M. Thomas, S. Gehrke, B. Kirchner; J. Chem. Phys. 2020, 152 (16), 164105.   (DOI 10.1063/5.0005078 )

    "TRAVIS - A Free Analyzer and Visualizer for Monte Carlo and Molecular Dynamics Trajectories",
    M. Brehm, B. Kirchner; J. Chem. Inf. Model. 2011, 51 (8), pp 2007-2023.   (DOI 10.1021/ci200217w )

*** The End ***

